<?xml version="1.0" encoding="UTF-8"?>
<testsuite xmlns:xsi="http://www.w3.org/2001/XMLSchema-instance" xsi:noNamespaceSchemaLocation="https://maven.apache.org/surefire/maven-surefire-plugin/xsd/surefire-test-report-3.0.xsd" version="3.0" name="fr.esir.omd.ci.TaskManagerTest" time="2.431" tests="3" errors="0" skipped="0" failures="0">
  <properties>
    <property name="java.specification.version" value="21"/>
    <property name="sun.cpu.isalist" value="amd64"/>
    <property name="sun.jnu.encoding" value="Cp1252"/>
    <property name="java.class.path" value="C:\Users\gulli\Desktop\mon pc\a COURS ESIR\omd\tp3_git_maven\TP3_omd\tpmaven\target\test-classes;C:\Users\gulli\Desktop\mon pc\a COURS ESIR\omd\tp3_git_maven\TP3_omd\tpmaven\target\classes;C:\Users\gulli\Desktop\mon pc\a COURS ESIR\omd\tp3_git_maven\TP3_omd\tpmaven\..\com\google\code\gson\gson\2.11.0\gson-2.11.0.jar;C:\Users\gulli\Desktop\mon pc\a COURS ESIR\omd\tp3_git_maven\TP3_omd\tpmaven\..\com\google\errorprone\error_prone_annotations\2.27.0\error_prone_annotations-2.27.0.jar;C:\Users\gulli\Desktop\mon pc\a COURS ESIR\omd\tp3_git_maven\TP3_omd\tpmaven\..\org\apache\commons\commons-csv\1.12.0\commons-csv-1.12.0.jar;C:\Users\gulli\Desktop\mon pc\a COURS ESIR\omd\tp3_git_maven\TP3_omd\tpmaven\..\commons-io\commons-io\2.17.0\commons-io-2.17.0.jar;C:\Users\gulli\Desktop\mon pc\a COURS ESIR\omd\tp3_git_maven\TP3_omd\tpmaven\..\commons-codec\commons-codec\1.17.1\commons-codec-1.17.1.jar;C:\Users\gulli\Desktop\mon pc\a COURS ESIR\omd\tp3_git_maven\TP3_omd\tpmaven\..\com\itextpdf\itextpdf\5.5.13.4\itextpdf-5.5.13.4.jar;C:\Users\gulli\Desktop\mon pc\a COURS ESIR\omd\tp3_git_maven\TP3_omd\tpmaven\..\org\openjfx\javafx-controls\23.0.1\javafx-controls-23.0.1.jar;C:\Users\gulli\Desktop\mon pc\a COURS ESIR\omd\tp3_git_maven\TP3_omd\tpmaven\..\org\openjfx\javafx-controls\23.0.1\javafx-controls-23.0.1-win.jar;C:\Users\gulli\Desktop\mon pc\a COURS ESIR\omd\tp3_git_maven\TP3_omd\tpmaven\..\org\openjfx\javafx-graphics\23.0.1\javafx-graphics-23.0.1.jar;C:\Users\gulli\Desktop\mon pc\a COURS ESIR\omd\tp3_git_maven\TP3_omd\tpmaven\..\org\openjfx\javafx-graphics\23.0.1\javafx-graphics-23.0.1-win.jar;C:\Users\gulli\Desktop\mon pc\a COURS ESIR\omd\tp3_git_maven\TP3_omd\tpmaven\..\org\openjfx\javafx-base\23.0.1\javafx-base-23.0.1.jar;C:\Users\gulli\Desktop\mon pc\a COURS ESIR\omd\tp3_git_maven\TP3_omd\tpmaven\..\org\openjfx\javafx-base\23.0.1\javafx-base-23.0.1-win.jar;C:\Users\gulli\Desktop\mon pc\a COURS ESIR\omd\tp3_git_maven\TP3_omd\tpmaven\..\org\openjfx\javafx-fxml\23.0.1\javafx-fxml-23.0.1.jar;C:\Users\gulli\Desktop\mon pc\a COURS ESIR\omd\tp3_git_maven\TP3_omd\tpmaven\..\org\openjfx\javafx-fxml\23.0.1\javafx-fxml-23.0.1-win.jar;C:\Users\gulli\Desktop\mon pc\a COURS ESIR\omd\tp3_git_maven\TP3_omd\tpmaven\..\ch\qos\logback\logback-classic\1.5.12\logback-classic-1.5.12.jar;C:\Users\gulli\Desktop\mon pc\a COURS ESIR\omd\tp3_git_maven\TP3_omd\tpmaven\..\ch\qos\logback\logback-core\1.5.12\logback-core-1.5.12.jar;C:\Users\gulli\Desktop\mon pc\a COURS ESIR\omd\tp3_git_maven\TP3_omd\tpmaven\..\org\slf4j\slf4j-api\2.0.15\slf4j-api-2.0.15.jar;C:\Users\gulli\Desktop\mon pc\a COURS ESIR\omd\tp3_git_maven\TP3_omd\tpmaven\..\org\junit\jupiter\junit-jupiter\5.10.0\junit-jupiter-5.10.0.jar;C:\Users\gulli\Desktop\mon pc\a COURS ESIR\omd\tp3_git_maven\TP3_omd\tpmaven\..\org\junit\jupiter\junit-jupiter-api\5.10.0\junit-jupiter-api-5.10.0.jar;C:\Users\gulli\Desktop\mon pc\a COURS ESIR\omd\tp3_git_maven\TP3_omd\tpmaven\..\org\opentest4j\opentest4j\1.3.0\opentest4j-1.3.0.jar;C:\Users\gulli\Desktop\mon pc\a COURS ESIR\omd\tp3_git_maven\TP3_omd\tpmaven\..\org\junit\platform\junit-platform-commons\1.10.0\junit-platform-commons-1.10.0.jar;C:\Users\gulli\Desktop\mon pc\a COURS ESIR\omd\tp3_git_maven\TP3_omd\tpmaven\..\org\apiguardian\apiguardian-api\1.1.2\apiguardian-api-1.1.2.jar;C:\Users\gulli\Desktop\mon pc\a COURS ESIR\omd\tp3_git_maven\TP3_omd\tpmaven\..\org\junit\jupiter\junit-jupiter-params\5.10.0\junit-jupiter-params-5.10.0.jar;C:\Users\gulli\Desktop\mon pc\a COURS ESIR\omd\tp3_git_maven\TP3_omd\tpmaven\..\org\junit\jupiter\junit-jupiter-engine\5.10.0\junit-jupiter-engine-5.10.0.jar;C:\Users\gulli\Desktop\mon pc\a COURS ESIR\omd\tp3_git_maven\TP3_omd\tpmaven\..\org\junit\platform\junit-platform-engine\1.10.0\junit-platform-engine-1.10.0.jar;C:\Users\gulli\Desktop\mon pc\a COURS ESIR\omd\tp3_git_maven\TP3_omd\tpmaven\..\org\mockito\mockito-core\5.5.0\mockito-core-5.5.0.jar;C:\Users\gulli\Desktop\mon pc\a COURS ESIR\omd\tp3_git_maven\TP3_omd\tpmaven\..\net\bytebuddy\byte-buddy\1.14.6\byte-buddy-1.14.6.jar;C:\Users\gulli\Desktop\mon pc\a COURS ESIR\omd\tp3_git_maven\TP3_omd\tpmaven\..\net\bytebuddy\byte-buddy-agent\1.14.6\byte-buddy-agent-1.14.6.jar;C:\Users\gulli\Desktop\mon pc\a COURS ESIR\omd\tp3_git_maven\TP3_omd\tpmaven\..\org\objenesis\objenesis\3.3\objenesis-3.3.jar;"/>
    <property name="java.vm.vendor" value="Oracle Corporation"/>
    <property name="sun.arch.data.model" value="64"/>
    <property name="user.variant" value=""/>
    <property name="java.vendor.url" value="https://java.oracle.com/"/>
    <property name="user.timezone" value="Europe/Paris"/>
    <property name="user.country.format" value="FR"/>
    <property name="os.name" value="Windows 11"/>
    <property name="java.vm.specification.version" value="21"/>
    <property name="sun.java.launcher" value="SUN_STANDARD"/>
    <property name="user.country" value="US"/>
    <property name="sun.boot.library.path" value="C:\Program Files\Java\jdk-21\bin"/>
    <property name="sun.java.command" value="C:\Users\gulli\AppData\Local\Temp\surefire10991019734454213515\surefirebooter-20241129100153651_3.jar C:\Users\gulli\AppData\Local\Temp\surefire10991019734454213515 2024-11-29T10-01-53_497-jvmRun1 surefire-20241129100153651_1tmp surefire_0-20241129100153651_2tmp"/>
    <property name="jdk.debug" value="release"/>
    <property name="surefire.test.class.path" value="C:\Users\gulli\Desktop\mon pc\a COURS ESIR\omd\tp3_git_maven\TP3_omd\tpmaven\target\test-classes;C:\Users\gulli\Desktop\mon pc\a COURS ESIR\omd\tp3_git_maven\TP3_omd\tpmaven\target\classes;C:\Users\gulli\Desktop\mon pc\a COURS ESIR\omd\tp3_git_maven\TP3_omd\tpmaven\..\com\google\code\gson\gson\2.11.0\gson-2.11.0.jar;C:\Users\gulli\Desktop\mon pc\a COURS ESIR\omd\tp3_git_maven\TP3_omd\tpmaven\..\com\google\errorprone\error_prone_annotations\2.27.0\error_prone_annotations-2.27.0.jar;C:\Users\gulli\Desktop\mon pc\a COURS ESIR\omd\tp3_git_maven\TP3_omd\tpmaven\..\org\apache\commons\commons-csv\1.12.0\commons-csv-1.12.0.jar;C:\Users\gulli\Desktop\mon pc\a COURS ESIR\omd\tp3_git_maven\TP3_omd\tpmaven\..\commons-io\commons-io\2.17.0\commons-io-2.17.0.jar;C:\Users\gulli\Desktop\mon pc\a COURS ESIR\omd\tp3_git_maven\TP3_omd\tpmaven\..\commons-codec\commons-codec\1.17.1\commons-codec-1.17.1.jar;C:\Users\gulli\Desktop\mon pc\a COURS ESIR\omd\tp3_git_maven\TP3_omd\tpmaven\..\com\itextpdf\itextpdf\5.5.13.4\itextpdf-5.5.13.4.jar;C:\Users\gulli\Desktop\mon pc\a COURS ESIR\omd\tp3_git_maven\TP3_omd\tpmaven\..\org\openjfx\javafx-controls\23.0.1\javafx-controls-23.0.1.jar;C:\Users\gulli\Desktop\mon pc\a COURS ESIR\omd\tp3_git_maven\TP3_omd\tpmaven\..\org\openjfx\javafx-controls\23.0.1\javafx-controls-23.0.1-win.jar;C:\Users\gulli\Desktop\mon pc\a COURS ESIR\omd\tp3_git_maven\TP3_omd\tpmaven\..\org\openjfx\javafx-graphics\23.0.1\javafx-graphics-23.0.1.jar;C:\Users\gulli\Desktop\mon pc\a COURS ESIR\omd\tp3_git_maven\TP3_omd\tpmaven\..\org\openjfx\javafx-graphics\23.0.1\javafx-graphics-23.0.1-win.jar;C:\Users\gulli\Desktop\mon pc\a COURS ESIR\omd\tp3_git_maven\TP3_omd\tpmaven\..\org\openjfx\javafx-base\23.0.1\javafx-base-23.0.1.jar;C:\Users\gulli\Desktop\mon pc\a COURS ESIR\omd\tp3_git_maven\TP3_omd\tpmaven\..\org\openjfx\javafx-base\23.0.1\javafx-base-23.0.1-win.jar;C:\Users\gulli\Desktop\mon pc\a COURS ESIR\omd\tp3_git_maven\TP3_omd\tpmaven\..\org\openjfx\javafx-fxml\23.0.1\javafx-fxml-23.0.1.jar;C:\Users\gulli\Desktop\mon pc\a COURS ESIR\omd\tp3_git_maven\TP3_omd\tpmaven\..\org\openjfx\javafx-fxml\23.0.1\javafx-fxml-23.0.1-win.jar;C:\Users\gulli\Desktop\mon pc\a COURS ESIR\omd\tp3_git_maven\TP3_omd\tpmaven\..\ch\qos\logback\logback-classic\1.5.12\logback-classic-1.5.12.jar;C:\Users\gulli\Desktop\mon pc\a COURS ESIR\omd\tp3_git_maven\TP3_omd\tpmaven\..\ch\qos\logback\logback-core\1.5.12\logback-core-1.5.12.jar;C:\Users\gulli\Desktop\mon pc\a COURS ESIR\omd\tp3_git_maven\TP3_omd\tpmaven\..\org\slf4j\slf4j-api\2.0.15\slf4j-api-2.0.15.jar;C:\Users\gulli\Desktop\mon pc\a COURS ESIR\omd\tp3_git_maven\TP3_omd\tpmaven\..\org\junit\jupiter\junit-jupiter\5.10.0\junit-jupiter-5.10.0.jar;C:\Users\gulli\Desktop\mon pc\a COURS ESIR\omd\tp3_git_maven\TP3_omd\tpmaven\..\org\junit\jupiter\junit-jupiter-api\5.10.0\junit-jupiter-api-5.10.0.jar;C:\Users\gulli\Desktop\mon pc\a COURS ESIR\omd\tp3_git_maven\TP3_omd\tpmaven\..\org\opentest4j\opentest4j\1.3.0\opentest4j-1.3.0.jar;C:\Users\gulli\Desktop\mon pc\a COURS ESIR\omd\tp3_git_maven\TP3_omd\tpmaven\..\org\junit\platform\junit-platform-commons\1.10.0\junit-platform-commons-1.10.0.jar;C:\Users\gulli\Desktop\mon pc\a COURS ESIR\omd\tp3_git_maven\TP3_omd\tpmaven\..\org\apiguardian\apiguardian-api\1.1.2\apiguardian-api-1.1.2.jar;C:\Users\gulli\Desktop\mon pc\a COURS ESIR\omd\tp3_git_maven\TP3_omd\tpmaven\..\org\junit\jupiter\junit-jupiter-params\5.10.0\junit-jupiter-params-5.10.0.jar;C:\Users\gulli\Desktop\mon pc\a COURS ESIR\omd\tp3_git_maven\TP3_omd\tpmaven\..\org\junit\jupiter\junit-jupiter-engine\5.10.0\junit-jupiter-engine-5.10.0.jar;C:\Users\gulli\Desktop\mon pc\a COURS ESIR\omd\tp3_git_maven\TP3_omd\tpmaven\..\org\junit\platform\junit-platform-engine\1.10.0\junit-platform-engine-1.10.0.jar;C:\Users\gulli\Desktop\mon pc\a COURS ESIR\omd\tp3_git_maven\TP3_omd\tpmaven\..\org\mockito\mockito-core\5.5.0\mockito-core-5.5.0.jar;C:\Users\gulli\Desktop\mon pc\a COURS ESIR\omd\tp3_git_maven\TP3_omd\tpmaven\..\net\bytebuddy\byte-buddy\1.14.6\byte-buddy-1.14.6.jar;C:\Users\gulli\Desktop\mon pc\a COURS ESIR\omd\tp3_git_maven\TP3_omd\tpmaven\..\net\bytebuddy\byte-buddy-agent\1.14.6\byte-buddy-agent-1.14.6.jar;C:\Users\gulli\Desktop\mon pc\a COURS ESIR\omd\tp3_git_maven\TP3_omd\tpmaven\..\org\objenesis\objenesis\3.3\objenesis-3.3.jar;"/>
    <property name="sun.cpu.endian" value="little"/>
    <property name="user.home" value="C:\Users\gulli"/>
    <property name="user.language" value="en"/>
    <property name="java.specification.vendor" value="Oracle Corporation"/>
    <property name="java.version.date" value="2023-10-17"/>
    <property name="java.home" value="C:\Program Files\Java\jdk-21"/>
    <property name="file.separator" value="\"/>
    <property name="basedir" value="C:\Users\gulli\Desktop\mon pc\a COURS ESIR\omd\tp3_git_maven\TP3_omd\tpmaven"/>
    <property name="java.vm.compressedOopsMode" value="Zero based"/>
    <property name="line.separator" value="&#10;"/>
    <property name="java.vm.specification.vendor" value="Oracle Corporation"/>
    <property name="java.specification.name" value="Java Platform API Specification"/>
    <property name="surefire.real.class.path" value="C:\Users\gulli\AppData\Local\Temp\surefire10991019734454213515\surefirebooter-20241129100153651_3.jar"/>
    <property name="user.script" value=""/>
    <property name="sun.management.compiler" value="HotSpot 64-Bit Tiered Compilers"/>
    <property name="java.runtime.version" value="21.0.1+12-LTS-29"/>
    <property name="user.name" value="dowan35"/>
    <property name="stdout.encoding" value="Cp1252"/>
    <property name="path.separator" value=";"/>
    <property name="os.version" value="10.0"/>
    <property name="java.runtime.name" value="Java(TM) SE Runtime Environment"/>
    <property name="file.encoding" value="UTF-8"/>
    <property name="java.vm.name" value="Java HotSpot(TM) 64-Bit Server VM"/>
    <property name="localRepository" value="C:\Users\gulli\Desktop\mon pc\a COURS ESIR\omd\tp3_git_maven\TP3_omd\tpmaven\.."/>
    <property name="java.vendor.url.bug" value="https://bugreport.java.com/bugreport/"/>
    <property name="java.io.tmpdir" value="C:\Users\gulli\AppData\Local\Temp\"/>
    <property name="java.version" value="21.0.1"/>
    <property name="user.dir" value="C:\Users\gulli\Desktop\mon pc\a COURS ESIR\omd\tp3_git_maven\TP3_omd\tpmaven"/>
    <property name="os.arch" value="amd64"/>
    <property name="java.vm.specification.name" value="Java Virtual Machine Specification"/>
    <property name="user.language.format" value="fr"/>
    <property name="sun.os.patch.level" value=""/>
    <property name="native.encoding" value="Cp1252"/>
    <property name="java.library.path" value="C:\Program Files\Java\jdk-21\bin;C:\WINDOWS\Sun\Java\bin;C:\WINDOWS\system32;C:\WINDOWS;c:\program files\nvidia gpu computing toolkit\cuda\v12.3\bin;c:\program files\nvidia gpu computing toolkit\cuda\v12.3\libnvvp;c:\program files\common files\oracle\java\javapath;c:\program files (x86)\common files\oracle\java\javapath;c:\windows\system32;c:\windows;c:\windows\system32\wbem;c:\windows\system32\windowspowershell\v1.0\;c:\windows\system32\openssh\;c:\program files\nvidia corporation\nvidia nvdlisr;c:\windows\system32;c:\windows;c:\windows\system32\wbem;c:\windows\system32\windowspowershell\v1.0\;c:\windows\system32\openssh\;c:\program files\nodejs\;c:\users\gulli\appdata\local\android\sdk\platform-tools;c:\program files (x86)\microsoft sql server\140\tools\binn\;c:\program files\microsoft sql server\140\tools\binn\;c:\program files (x86)\microsoft sql server\140\dts\binn\;c:\program files\microsoft sql server\140\dts\binn\;c:\program files\microsoft sql server\client sdk\odbc\130\tools\binn\;c:\program files\graphviz\bin;c:\windows\system32;c:\windows;c:\windows\system32\wbem;c:\windows\system32\windowspowershell\v1.0\;c:\windows\system32\openssh\;c:\program files (x86)\dotnet\;c:\program files\git\cmd;c:\program files\dotnet\;c:\program files\nvidia corporation\nsight compute 2023.3.1\;c:\programdata\chocolatey\bin;C:\Program Files (x86)\NVIDIA Corporation\PhysX\Common;C:\Program Files\Java\jdk-21\bin;C:\Users\gulli\AppData\Local\Android\Sdk\tools\bin;C:\Program Files\PuTTY\;C:\Program Files\Java\jdk-21\bin;C:\Users\gulli\Desktop\mon pc\a COURS ESIR\omd\tp3_git_maven\apache-maven-3.9.9\bin;C:\Users\gulli\AppData\Local\Programs\Python\Python312\Scripts\;C:\Users\gulli\AppData\Local\Programs\Python\Python312\;C:\Users\gulli\AppData\Local\Microsoft\WindowsApps;C:\Users\gulli\AppData\Roaming\npm;C:\Users\gulli\AppData\Local\Google\Cloud SDK\google-cloud-sdk\bin;C:\Users\gulli\AppData\Local\Android\sdk\platform-tools;C:\Users\gulli\AppData\Local\Programs\Microsoft VS Code\bin;C:\Users\gulli\Desktop\phone repair\platform-tools-latest-windows\platform-tools;C:\Users\gulli\AppData\Local\Android\Sdk\tools\bin;;."/>
    <property name="java.vm.info" value="mixed mode, sharing"/>
    <property name="stderr.encoding" value="Cp1252"/>
    <property name="java.vendor" value="Oracle Corporation"/>
    <property name="java.vm.version" value="21.0.1+12-LTS-29"/>
    <property name="sun.io.unicode.encoding" value="UnicodeLittle"/>
    <property name="java.class.version" value="65.0"/>
  </properties>
  <testcase name="testAddMultipleTasks" classname="fr.esir.omd.ci.TaskManagerTest" time="2.373">
    <system-out><![CDATA[10:01:56.999 [main] INFO  fr.esir.omd.ci.TaskManager -- Nouvelle tâche ajoutée Tâche 1
10:01:57.039 [main] INFO  fr.esir.omd.ci.TaskManager -- Nouvelle tâche ajoutée Tâche 2
10:01:57.040 [main] DEBUG fr.esir.omd.ci.TaskManager -- Récupération de la liste des 2 tâches
]]></system-out>
    <system-err><![CDATA[SLF4J(I): Connected with provider of type [ch.qos.logback.classic.spi.LogbackServiceProvider]
WARNING: A Java agent has been loaded dynamically (C:\Users\gulli\Desktop\mon pc\a COURS ESIR\omd\tp3_git_maven\TP3_omd\net\bytebuddy\byte-buddy-agent\1.14.6\byte-buddy-agent-1.14.6.jar)
WARNING: If a serviceability tool is in use, please run with -XX:+EnableDynamicAgentLoading to hide this warning
WARNING: If a serviceability tool is not in use, please run with -Djdk.instrument.traceUsage for more information
WARNING: Dynamic loading of agents will be disallowed by default in a future release
]]></system-err>
  </testcase>
  <testcase name="testAddTask" classname="fr.esir.omd.ci.TaskManagerTest" time="0.008">
    <system-out><![CDATA[10:01:57.124 [main] INFO  fr.esir.omd.ci.TaskManager -- Nouvelle tâche ajoutée Tâche 1
10:01:57.125 [main] DEBUG fr.esir.omd.ci.TaskManager -- Récupération de la liste des 1 tâches
]]></system-out>
  </testcase>
  <testcase name="testGetTasksWhenEmpty" classname="fr.esir.omd.ci.TaskManagerTest" time="0.007">
    <system-out><![CDATA[10:01:57.131 [main] DEBUG fr.esir.omd.ci.TaskManager -- Récupération de la liste des 0 tâches
]]></system-out>
  </testcase>
</testsuite>